2024-09-25 14:50:47,511 - INFO - scraping urls from file: ../google_scraping/article_urls/ITV/itv.com-news_2022-02-01_2022-02-28_urls.csv
2024-09-25 14:50:47,585 - INFO - Parsing url: https://www.itv.com/news/tyne-tees/2022-02-24/durham-man-who-spent-25k-on-cosmetic-surgery-speaks-on-social-media-pressures
2024-09-25 14:50:47,591 - INFO - text parsing unsuccessful due to 'NoneType' object has no attribute 'findAll'
2024-09-25 14:50:47,591 - INFO - date parsing unsuccessful due to 'NoneType' object is not subscriptable
2024-09-25 14:50:47,591 - INFO - date to string conversion for json unsuccessful due to 'NoneType' object has no attribute 'strftime'
2024-09-25 14:50:47,591 - INFO - article dropped, no body text found: This site can’t be reached, https://www.itv.com/news/tyne-tees/2022-02-24/durham-man-who-spent-25k-on-cosmetic-surgery-speaks-on-social-media-pressures
2024-09-25 14:50:47,591 - INFO - Parsing url: https://www.itv.com/news/tyne-tees/2022-02-15/explosion-in-sunderland-blows-entire-roof-off-house
2024-09-25 14:50:47,596 - INFO - text parsing unsuccessful due to 'NoneType' object has no attribute 'findAll'
2024-09-25 14:50:47,596 - INFO - date parsing unsuccessful due to 'NoneType' object is not subscriptable
2024-09-25 14:50:47,596 - INFO - date to string conversion for json unsuccessful due to 'NoneType' object has no attribute 'strftime'
2024-09-25 14:50:47,596 - INFO - article dropped, no body text found: This site can’t be reached, https://www.itv.com/news/tyne-tees/2022-02-15/explosion-in-sunderland-blows-entire-roof-off-house
2024-09-25 14:50:47,596 - INFO - Parsing url: https://www.itv.com/news/tyne-tees/2022-02-03/thousands-of-dead-crabs-found-on-the-north-east-shores-linked-to-natural-algae
2024-09-25 14:50:47,600 - INFO - text parsing unsuccessful due to 'NoneType' object has no attribute 'findAll'
2024-09-25 14:50:47,601 - INFO - date parsing unsuccessful due to 'NoneType' object is not subscriptable
2024-09-25 14:50:47,601 - INFO - date to string conversion for json unsuccessful due to 'NoneType' object has no attribute 'strftime'
2024-09-25 14:50:47,601 - INFO - article dropped, no body text found: This site can’t be reached, https://www.itv.com/news/tyne-tees/2022-02-03/thousands-of-dead-crabs-found-on-the-north-east-shores-linked-to-natural-algae
2024-09-25 14:50:47,601 - INFO - Parsing url: https://www.itv.com/news/anglia/2022-02-10/canadian-teenagers-family-thank-people-of-england-for-support-over-her-death
2024-09-25 14:50:47,605 - INFO - text parsing unsuccessful due to 'NoneType' object has no attribute 'findAll'
2024-09-25 14:50:47,605 - INFO - date parsing unsuccessful due to 'NoneType' object is not subscriptable
2024-09-25 14:50:47,605 - INFO - date to string conversion for json unsuccessful due to 'NoneType' object has no attribute 'strftime'
2024-09-25 14:50:47,605 - INFO - article dropped, no body text found: This site can’t be reached, https://www.itv.com/news/anglia/2022-02-10/canadian-teenagers-family-thank-people-of-england-for-support-over-her-death
2024-09-25 14:50:47,605 - INFO - Parsing url: https://www.itv.com/news/tyne-tees/2022-02-22/lost-voice-guy-finally-receives-his-geordie-accent
2024-09-25 14:50:47,610 - INFO - text parsing unsuccessful due to 'NoneType' object has no attribute 'findAll'
2024-09-25 14:50:47,610 - INFO - date parsing unsuccessful due to 'NoneType' object is not subscriptable
2024-09-25 14:50:47,610 - INFO - date to string conversion for json unsuccessful due to 'NoneType' object has no attribute 'strftime'
2024-09-25 14:50:47,610 - INFO - article dropped, no body text found: This site can’t be reached, https://www.itv.com/news/tyne-tees/2022-02-22/lost-voice-guy-finally-receives-his-geordie-accent
2024-09-25 14:50:47,610 - INFO - Parsing url: https://www.itv.com/news/tyne-tees/2022-02-02/five-arrested-for-targeting-vulnerable-people-in-the-north-east-in-fraud-sca
2024-09-25 14:50:47,615 - INFO - text parsing unsuccessful due to 'NoneType' object has no attribute 'findAll'
2024-09-25 14:50:47,615 - INFO - date parsing unsuccessful due to 'NoneType' object is not subscriptable
2024-09-25 14:50:47,615 - INFO - date to string conversion for json unsuccessful due to 'NoneType' object has no attribute 'strftime'
2024-09-25 14:50:47,615 - INFO - article dropped, no body text found: This site can’t be reached, https://www.itv.com/news/tyne-tees/2022-02-02/five-arrested-for-targeting-vulnerable-people-in-the-north-east-in-fraud-sca
